0 info it worked if it ends with ok
1 verbose cli [ '/Users/user/.nvm/versions/node/v7.0.0/bin/node',
1 verbose cli   '/Users/user/.nvm/versions/node/v7.0.0/bin/npm',
1 verbose cli   'run',
1 verbose cli   'build' ]
2 info using npm@3.10.8
3 info using node@v7.0.0
4 verbose run-script [ 'prebuild', 'build', 'postbuild' ]
5 info lifecycle koa2-starter@1.0.0~prebuild: koa2-starter@1.0.0
6 silly lifecycle koa2-starter@1.0.0~prebuild: no script for prebuild, continuing
7 info lifecycle koa2-starter@1.0.0~build: koa2-starter@1.0.0
8 verbose lifecycle koa2-starter@1.0.0~build: unsafe-perm in lifecycle true
9 verbose lifecycle koa2-starter@1.0.0~build: PATH: /Users/user/.nvm/versions/node/v7.0.0/lib/node_modules/npm/bin/node-gyp-bin:/Users/user/localDocuments/koa2-starter/node_modules/.bin:/Users/user/.nvm/versions/node/v7.0.0/bin:/usr/local/git/bin:/usr/local/sbin:/usr/local/bin:/usr/sbin:/usr/bin:/sbin:/bin:/usr/games:/opt/local/bin:/opt/local/sbin:/usr/X11/bin
10 verbose lifecycle koa2-starter@1.0.0~build: CWD: /Users/user/localDocuments/koa2-starter
11 silly lifecycle koa2-starter@1.0.0~build: Args: [ '-c', 'webpack --config webpack.config.server.js' ]
12 info lifecycle koa2-starter@1.0.0~build: Failed to exec build script
13 verbose stack Error: koa2-starter@1.0.0 build: `webpack --config webpack.config.server.js`
13 verbose stack spawn ENOENT
13 verbose stack     at ChildProcess.<anonymous> (/Users/user/.nvm/versions/node/v7.0.0/lib/node_modules/npm/lib/utils/spawn.js:33:16)
13 verbose stack     at emitTwo (events.js:106:13)
13 verbose stack     at ChildProcess.emit (events.js:191:7)
13 verbose stack     at maybeClose (internal/child_process.js:877:16)
13 verbose stack     at Process.ChildProcess._handle.onexit (internal/child_process.js:226:5)
14 verbose pkgid koa2-starter@1.0.0
15 verbose cwd /Users/user/localDocuments/koa2-starter
16 error Darwin 16.1.0
17 error argv "/Users/user/.nvm/versions/node/v7.0.0/bin/node" "/Users/user/.nvm/versions/node/v7.0.0/bin/npm" "run" "build"
18 error node v7.0.0
19 error npm  v3.10.8
20 error file sh
21 error code ELIFECYCLE
22 error errno ENOENT
23 error syscall spawn
24 error koa2-starter@1.0.0 build: `webpack --config webpack.config.server.js`
24 error spawn ENOENT
25 error Failed at the koa2-starter@1.0.0 build script 'webpack --config webpack.config.server.js'.
25 error Make sure you have the latest version of node.js and npm installed.
25 error If you do, this is most likely a problem with the koa2-starter package,
25 error not with npm itself.
25 error Tell the author that this fails on your system:
25 error     webpack --config webpack.config.server.js
25 error You can get information on how to open an issue for this project with:
25 error     npm bugs koa2-starter
25 error Or if that isn't available, you can get their info via:
25 error     npm owner ls koa2-starter
25 error There is likely additional logging output above.
26 verbose exit [ 1, true ]
